<?xml version="1.0" encoding="UTF-8"?>
<!-- Generated by org.testng.reporters.JUnitReportReporter -->
<testsuite skipped="1" hostname="DESKTOP-V6EGN7R" name="kcom.CIA.testcases.HowtoBuyTest" tests="2" failures="0" timestamp="22 Sep 2018 16:31:32 GMT" time="279.513" errors="0">
  <testcase name="HowToBuyCheck" time="119.315" classname="kcom.CIA.testcases.HowtoBuyTest"/>
  <testcase name="HowToBuyCheck" time="160.198" classname="kcom.CIA.testcases.HowtoBuyTest">
    <skipped/>
  </testcase> <!-- HowToBuyCheck -->
</testsuite> <!-- kcom.CIA.testcases.HowtoBuyTest -->
