<?xml version="1.0" encoding="UTF-8"?>
<!-- Generated by org.testng.reporters.JUnitReportReporter -->
<testsuite skipped="0" hostname="DESKTOP-V6EGN7R" name="kcom.qa.testcases.MyKPortalTest" tests="7" failures="0" timestamp="22 Sep 2018 16:31:32 GMT" time="636.105" errors="0">
  <testcase name="ValidateproductpageTest" time="64.021" classname="kcom.qa.testcases.MyKPortalTest"/>
  <testcase name="watchlistloggedinviewTest" time="124.405" classname="kcom.qa.testcases.MyKPortalTest"/>
  <testcase name="watchlistloggedoutviewTest" time="177.507" classname="kcom.qa.testcases.MyKPortalTest"/>
  <testcase name="watchlistpublicviewTest" time="98.817" classname="kcom.qa.testcases.MyKPortalTest"/>
  <testcase name="MYKPUBLICviewTest" time="28.572" classname="kcom.qa.testcases.MyKPortalTest"/>
  <testcase name="MYKloggedinviewTest" time="67.213" classname="kcom.qa.testcases.MyKPortalTest"/>
  <testcase name="MYKRememberedviewTest" time="75.570" classname="kcom.qa.testcases.MyKPortalTest"/>
</testsuite> <!-- kcom.qa.testcases.MyKPortalTest -->
