<?xml version="1.0" encoding="UTF-8"?>
<!-- Generated by org.testng.reporters.JUnitReportReporter -->
<testsuite skipped="0" hostname="01hw307568" name="kcom.qa.util.Excelread" tests="1" failures="0" timestamp="27 Aug 2018 09:34:05 GMT" time="0.878" errors="0">
  <testcase name="excelread" time="0.878" classname="kcom.qa.util.Excelread"/>
</testsuite> <!-- kcom.qa.util.Excelread -->
