<?xml version="1.0" encoding="UTF-8"?>
<!-- Generated by org.testng.reporters.JUnitReportReporter -->
<testsuite skipped="0" hostname="DESKTOP-V6EGN7R" name="kcom.CIA.testcases.Event_sectionTest" tests="1" failures="0" timestamp="22 Sep 2018 16:31:32 GMT" time="24.296" errors="0">
  <testcase name="Eventsectionvalidation" time="24.296" classname="kcom.CIA.testcases.Event_sectionTest"/>
</testsuite> <!-- kcom.CIA.testcases.Event_sectionTest -->
