<?xml version="1.0" encoding="UTF-8"?>
<!-- Generated by org.testng.reporters.JUnitReportReporter -->
<testsuite skipped="0" hostname="01hw307568" name="kcom.qa.testcases.CompanynameImageTest" tests="1" failures="0" timestamp="11 Jun 2018 06:24:31 GMT" time="40.498" errors="0">
  <testcase name="homepageloginTest" time="40.498" classname="kcom.qa.testcases.CompanynameImageTest"/>
</testsuite> <!-- kcom.qa.testcases.CompanynameImageTest -->
