<?xml version="1.0" encoding="UTF-8"?>
<!-- Generated by org.testng.reporters.JUnitReportReporter -->
<testsuite skipped="0" hostname="DESKTOP-V6EGN7R" name="kcom.qa.testcases.HomepageTest" tests="1" failures="0" timestamp="22 Sep 2018 16:31:32 GMT" time="78.350" errors="0">
  <testcase name="LoginandLogoutfromHomepageTest" time="78.350" classname="kcom.qa.testcases.HomepageTest"/>
</testsuite> <!-- kcom.qa.testcases.HomepageTest -->
