<?xml version="1.0" encoding="UTF-8"?>
<!-- Generated by org.testng.reporters.JUnitReportReporter -->
<testsuite skipped="1" hostname="DESKTOP-V6EGN7R" name="kcom.qa.testcases.MydownloadsTest" tests="3" failures="0" timestamp="22 Sep 2018 16:31:32 GMT" time="315.606" errors="0">
  <testcase name="mydownloadhistoryTest" time="110.052" classname="kcom.qa.testcases.MydownloadsTest"/>
  <testcase name="mydownloadhistoryTest" time="72.944" classname="kcom.qa.testcases.MydownloadsTest">
    <skipped/>
  </testcase> <!-- mydownloadhistoryTest -->
  <testcase name="ValidateMyDownloadTest" time="132.610" classname="kcom.qa.testcases.MydownloadsTest"/>
</testsuite> <!-- kcom.qa.testcases.MydownloadsTest -->
