<?xml version="1.0" encoding="UTF-8"?>
<!-- Generated by org.testng.reporters.JUnitReportReporter -->
<testsuite skipped="0" hostname="01HW1180726" name="kcom.qa.testcases.Login_errorpageTest" tests="1" failures="0" timestamp="27 Sep 2018 07:06:03 GMT" time="151.136" errors="0">
  <testcase name="ValidateloginerrormsgTest" time="151.136" classname="kcom.qa.testcases.Login_errorpageTest"/>
</testsuite> <!-- kcom.qa.testcases.Login_errorpageTest -->
