<?xml version="1.0" encoding="UTF-8"?>
<!-- Generated by org.testng.reporters.JUnitReportReporter -->
<testsuite skipped="0" hostname="DESKTOP-V6EGN7R" name="kcom.qa.testcases.FindApartSearchPageTest" tests="3" failures="0" timestamp="22 Sep 2018 16:31:32 GMT" time="177.729" errors="0">
  <testcase name="validateallWebelementTest" time="50.270" classname="kcom.qa.testcases.FindApartSearchPageTest"/>
  <testcase name="FindBypartTest" time="65.901" classname="kcom.qa.testcases.FindApartSearchPageTest"/>
  <testcase name="FindByproductTest" time="61.558" classname="kcom.qa.testcases.FindApartSearchPageTest"/>
</testsuite> <!-- kcom.qa.testcases.FindApartSearchPageTest -->
