<?xml version="1.0" encoding="UTF-8"?>
<!-- Generated by org.testng.reporters.JUnitReportReporter -->
<testsuite skipped="0" hostname="DESKTOP-V6EGN7R" name="kcom.CIA.testcases.Oscilloscopes_LandingpageTest" tests="6" failures="0" timestamp="22 Sep 2018 16:31:32 GMT" time="342.003" errors="0">
  <testcase name="CompareProductTest" time="51.149" classname="kcom.CIA.testcases.Oscilloscopes_LandingpageTest"/>
  <testcase name="CompareSeriesTest" time="53.298" classname="kcom.CIA.testcases.Oscilloscopes_LandingpageTest"/>
  <testcase name="RequestQuoteTest" time="65.612" classname="kcom.CIA.testcases.Oscilloscopes_LandingpageTest"/>
  <testcase name="HomepagelayoutTest" time="78.815" classname="kcom.CIA.testcases.Oscilloscopes_LandingpageTest"/>
  <testcase name="validationofHeroimageTest" time="45.583" classname="kcom.CIA.testcases.Oscilloscopes_LandingpageTest"/>
  <testcase name="ProductsAndServiceLandingTest" time="47.546" classname="kcom.CIA.testcases.Oscilloscopes_LandingpageTest"/>
</testsuite> <!-- kcom.CIA.testcases.Oscilloscopes_LandingpageTest -->
