<?xml version="1.0" encoding="UTF-8"?>
<!-- Generated by org.testng.reporters.JUnitReportReporter -->
<testsuite skipped="0" hostname="DESKTOP-V6EGN7R" name="kcom.CIA.testcases.TechSupportTest" tests="1" failures="0" timestamp="22 Sep 2018 16:31:32 GMT" time="62.534" errors="0">
  <testcase name="HowToBuyCheck" time="62.534" classname="kcom.CIA.testcases.TechSupportTest"/>
</testsuite> <!-- kcom.CIA.testcases.TechSupportTest -->
